This file contains any messages produced by compilers while
running configure, to aid debugging if configure makes a mistake.

It was created by ../src/ramsmain.f90 configure 5.0.1, which was
generated by GNU Autoconf 2.69.  Invocation command line was

  $ ./configure --program-prefix=BRAMS_6.0 --prefix=/home/lufla --enable-jules --with-chem=RELACS_TUV --with-aer=SIMPLE --with-fpcomp=/opt/nvidia/bin/mpif90 --with-cpcomp=/opt/nvidia/bin/mpicc --with-fcomp=/opt/nvidia/bin/pgf90 --with-ccomp=/opt/nvidia/bin/pgcc --with-netcdff=/opt/nvidia/ --with-netcdfc=/opt/nvidia/ --with-wgrib2=/opt/nvidia/

## --------- ##
## Platform. ##
## --------- ##

hostname = enterprise
uname -m = x86_64
uname -r = 5.8.0-63-generic
uname -s = Linux
uname -v = #71-Ubuntu SMP Tue Jul 13 15:59:12 UTC 2021

/usr/bin/uname -p = x86_64
/bin/uname -X     = unknown

/bin/arch              = x86_64
/usr/bin/arch -k       = unknown
/usr/convex/getsysinfo = unknown
/usr/bin/hostinfo      = unknown
/bin/machine           = unknown
/usr/bin/oslevel       = unknown
/bin/universe          = unknown

PATH: /opt/nvidia/bin
PATH: /home/lufla/anaconda3/bin
PATH: /home/lufla/anaconda3/condabin
PATH: /home/lufla/.local/bin
PATH: /home/lufla/bin
PATH: /usr/local/sbin
PATH: /usr/local/bin
PATH: /usr/sbin
PATH: /usr/bin
PATH: /sbin
PATH: /bin
PATH: /usr/games
PATH: /usr/local/games
PATH: /snap/bin
PATH: .
PATH: /opt/trash-cli
PATH: /opt/Telegram
PATH: /opt/apps/bin
PATH: /home/lufla/scripts
PATH: /opt/julia-1.5.3/bin
PATH: /home/lufla/anaconda3/bin


## ----------- ##
## Core tests. ##
## ----------- ##

configure:2161: checking for a BSD-compatible install
configure:2229: result: /usr/bin/install -c
configure:2240: checking whether build environment is sane
configure:2295: result: yes
configure:2444: checking for a thread-safe mkdir -p
configure:2483: result: /usr/bin/mkdir -p
configure:2490: checking for gawk
configure:2520: result: no
configure:2490: checking for mawk
configure:2506: found /usr/bin/mawk
configure:2517: result: mawk
configure:2528: checking whether make sets $(MAKE)
configure:2550: result: yes
configure:2579: checking whether make supports nested variables
configure:2596: result: yes
configure:2728: checking fpcomp Fortran Parallel Compiler
configure:2752: checking fcomp Fortran Compiler
configure:2776: checking cpcomp C Parallel Compiler
configure:2802: checking wgrib2 library
configure:2826: checking netcdf Fortran library
configure:2851: checking netCDF C library
configure:2875: checking HDF5 library
configure:2898: checking ccomp C Compiler
configure:2922: checking aer mechanism
configure:2953: checking aerosol level
configure:2984: checking chem mechanism
configure:3016: checking zlib lib
configure:3066: checking for style of include used by make
configure:3094: result: GNU
configure:3165: checking for gcc
configure:3181: found /usr/bin/gcc
configure:3192: result: gcc
configure:3421: checking for C compiler version
configure:3430: gcc --version >&5
gcc (Ubuntu 8.4.0-4ubuntu1) 8.4.0
Copyright (C) 2018 Free Software Foundation, Inc.
This is free software; see the source for copying conditions.  There is NO
warranty; not even for MERCHANTABILITY or FITNESS FOR A PARTICULAR PURPOSE.

configure:3441: $? = 0
configure:3430: gcc -v >&5
Using built-in specs.
COLLECT_GCC=gcc
COLLECT_LTO_WRAPPER=/usr/lib/gcc/x86_64-linux-gnu/8/lto-wrapper
OFFLOAD_TARGET_NAMES=nvptx-none
OFFLOAD_TARGET_DEFAULT=1
Target: x86_64-linux-gnu
Configured with: ../src/configure -v --with-pkgversion='Ubuntu 8.4.0-4ubuntu1' --with-bugurl=file:///usr/share/doc/gcc-8/README.Bugs --enable-languages=c,ada,c++,go,brig,d,fortran,objc,obj-c++ --prefix=/usr --with-gcc-major-version-only --program-suffix=-8 --program-prefix=x86_64-linux-gnu- --enable-shared --enable-linker-build-id --libexecdir=/usr/lib --without-included-gettext --enable-threads=posix --libdir=/usr/lib --enable-nls --enable-bootstrap --enable-clocale=gnu --enable-libstdcxx-debug --enable-libstdcxx-time=yes --with-default-libstdcxx-abi=new --enable-gnu-unique-object --disable-vtable-verify --enable-libmpx --enable-plugin --enable-default-pie --with-system-zlib --with-target-system-zlib=auto --enable-objc-gc=auto --enable-multiarch --disable-werror --with-arch-32=i686 --with-abi=m64 --with-multilib-list=m32,m64,mx32 --enable-multilib --with-tune=generic --enable-offload-targets=nvptx-none --without-cuda-driver --enable-checking=release --build=x86_64-linux-gnu --host=x86_64-linux-gnu --target=x86_64-linux-gnu
Thread model: posix
gcc version 8.4.0 (Ubuntu 8.4.0-4ubuntu1) 
configure:3441: $? = 0
configure:3430: gcc -V >&5
gcc: error: unrecognized command line option '-V'
gcc: fatal error: no input files
compilation terminated.
configure:3441: $? = 1
configure:3430: gcc -qversion >&5
gcc: error: unrecognized command line option '-qversion'; did you mean '--version'?
gcc: fatal error: no input files
compilation terminated.
configure:3441: $? = 1
configure:3461: checking whether the C compiler works
configure:3483: gcc    conftest.c  >&5
configure:3487: $? = 0
configure:3535: result: yes
configure:3538: checking for C compiler default output file name
configure:3540: result: a.out
configure:3546: checking for suffix of executables
configure:3553: gcc -o conftest    conftest.c  >&5
configure:3557: $? = 0
configure:3579: result: 
configure:3601: checking whether we are cross compiling
configure:3609: gcc -o conftest    conftest.c  >&5
configure:3613: $? = 0
configure:3620: ./conftest
configure:3624: $? = 0
configure:3612: result: no
configure:3617: checking for suffix of object files
configure:3639: gcc -c   conftest.c >&5
configure:3643: $? = 0
configure:3664: result: o
configure:3668: checking whether we are using the GNU C compiler
configure:3687: gcc -c   conftest.c >&5
configure:3687: $? = 0
configure:3696: result: yes
configure:3705: checking whether gcc accepts -g
configure:3725: gcc -c -g  conftest.c >&5
configure:3725: $? = 0
configure:3766: result: yes
configure:3783: checking for gcc option to accept ISO C89
configure:3846: gcc  -c -g -O2  conftest.c >&5
configure:3846: $? = 0
configure:3859: result: none needed
configure:3884: checking whether gcc understands -c and -o together
configure:3906: gcc -c conftest.c -o conftest2.o
configure:3909: $? = 0
configure:3906: gcc -c conftest.c -o conftest2.o
configure:3909: $? = 0
configure:3921: result: yes
configure:3940: checking dependency style of gcc
configure:4051: result: none
configure:4072: checking how to run the C preprocessor
configure:4103: gcc -E  conftest.c
configure:4103: $? = 0
configure:4117: gcc -E  conftest.c
conftest.c:11:10: fatal error: ac_nonexistent.h: No such file or directory
 #include <ac_nonexistent.h>
          ^~~~~~~~~~~~~~~~~~
compilation terminated.
configure:4117: $? = 1
configure: failed program was:
| /* confdefs.h */
| #define PACKAGE_NAME "../src/ramsmain.f90"
| #define PACKAGE_TARNAME "---src-ramsmain-f90"
| #define PACKAGE_VERSION "5.0.1"
| #define PACKAGE_STRING "../src/ramsmain.f90 5.0.1"
| #define PACKAGE_BUGREPORT ""
| #define PACKAGE_URL ""
| #define PACKAGE "brams"
| #define VERSION "5.0.1"
| /* end confdefs.h.  */
| #include <ac_nonexistent.h>
configure:4142: result: gcc -E
configure:4162: gcc -E  conftest.c
configure:4162: $? = 0
configure:4176: gcc -E  conftest.c
conftest.c:11:10: fatal error: ac_nonexistent.h: No such file or directory
 #include <ac_nonexistent.h>
          ^~~~~~~~~~~~~~~~~~
compilation terminated.
configure:4176: $? = 1
configure: failed program was:
| /* confdefs.h */
| #define PACKAGE_NAME "../src/ramsmain.f90"
| #define PACKAGE_TARNAME "---src-ramsmain-f90"
| #define PACKAGE_VERSION "5.0.1"
| #define PACKAGE_STRING "../src/ramsmain.f90 5.0.1"
| #define PACKAGE_BUGREPORT ""
| #define PACKAGE_URL ""
| #define PACKAGE "brams"
| #define VERSION "5.0.1"
| /* end confdefs.h.  */
| #include <ac_nonexistent.h>
configure:4205: checking for grep that handles long lines and -e
configure:4263: result: /usr/bin/grep
configure:4268: checking for egrep
configure:4330: result: /usr/bin/grep -E
configure:4335: checking for ANSI C header files
configure:4355: gcc -c -g -O2  conftest.c >&5
configure:4355: $? = 0
configure:4428: gcc -o conftest -g -O2   conftest.c  >&5
configure:4428: $? = 0
configure:4428: ./conftest
configure:4428: $? = 0
configure:4439: result: yes
configure:4452: checking for sys/types.h
configure:4452: gcc -c -g -O2  conftest.c >&5
configure:4452: $? = 0
configure:4452: result: yes
configure:4452: checking for sys/stat.h
configure:4452: gcc -c -g -O2  conftest.c >&5
configure:4452: $? = 0
configure:4452: result: yes
configure:4452: checking for stdlib.h
configure:4452: gcc -c -g -O2  conftest.c >&5
configure:4452: $? = 0
configure:4452: result: yes
configure:4452: checking for string.h
configure:4452: gcc -c -g -O2  conftest.c >&5
configure:4452: $? = 0
configure:4452: result: yes
configure:4452: checking for memory.h
configure:4452: gcc -c -g -O2  conftest.c >&5
configure:4452: $? = 0
configure:4452: result: yes
configure:4452: checking for strings.h
configure:4452: gcc -c -g -O2  conftest.c >&5
configure:4452: $? = 0
configure:4452: result: yes
configure:4452: checking for inttypes.h
configure:4452: gcc -c -g -O2  conftest.c >&5
configure:4452: $? = 0
configure:4452: result: yes
configure:4452: checking for stdint.h
configure:4452: gcc -c -g -O2  conftest.c >&5
configure:4452: $? = 0
configure:4452: result: yes
configure:4452: checking for unistd.h
configure:4452: gcc -c -g -O2  conftest.c >&5
configure:4452: $? = 0
configure:4452: result: yes
configure:4770: checking that generated files are newer than configure
configure:4776: result: done
configure:4799: creating ./config.status

## ---------------------- ##
## Running config.status. ##
## ---------------------- ##

This file was extended by ../src/ramsmain.f90 config.status 5.0.1, which was
generated by GNU Autoconf 2.69.  Invocation command line was

  CONFIG_FILES    = 
  CONFIG_HEADERS  = 
  CONFIG_LINKS    = 
  CONFIG_COMMANDS = 
  $ ./config.status 

on enterprise

config.status:791: creating Makefile
config.status:791: creating Make_utils
config.status:777: error: cannot find input file: `../src/jules/LIB/Makefile.in'

## ---------------- ##
## Cache variables. ##
## ---------------- ##

ac_cv_c_compiler_gnu=yes
ac_cv_env_CC_set=
ac_cv_env_CC_value=
ac_cv_env_CFLAGS_set=
ac_cv_env_CFLAGS_value=
ac_cv_env_CPPFLAGS_set=
ac_cv_env_CPPFLAGS_value=
ac_cv_env_CPP_set=
ac_cv_env_CPP_value=
ac_cv_env_LDFLAGS_set=
ac_cv_env_LDFLAGS_value=
ac_cv_env_LIBS_set=
ac_cv_env_LIBS_value=
ac_cv_env_build_alias_set=
ac_cv_env_build_alias_value=
ac_cv_env_host_alias_set=
ac_cv_env_host_alias_value=
ac_cv_env_target_alias_set=
ac_cv_env_target_alias_value=
ac_cv_header_inttypes_h=yes
ac_cv_header_memory_h=yes
ac_cv_header_stdc=yes
ac_cv_header_stdint_h=yes
ac_cv_header_stdlib_h=yes
ac_cv_header_string_h=yes
ac_cv_header_strings_h=yes
ac_cv_header_sys_stat_h=yes
ac_cv_header_sys_types_h=yes
ac_cv_header_unistd_h=yes
ac_cv_objext=o
ac_cv_path_EGREP='/usr/bin/grep -E'
ac_cv_path_GREP=/usr/bin/grep
ac_cv_path_install='/usr/bin/install -c'
ac_cv_path_mkdir=/usr/bin/mkdir
ac_cv_prog_AWK=mawk
ac_cv_prog_CPP='gcc -E'
ac_cv_prog_ac_ct_CC=gcc
ac_cv_prog_cc_c89=
ac_cv_prog_cc_g=yes
ac_cv_prog_make_make_set=yes
am_cv_CC_dependencies_compiler_type=none
am_cv_make_support_nested_variables=yes
am_cv_prog_cc_c_o=yes

## ----------------- ##
## Output variables. ##
## ----------------- ##

ACLOCAL='${SHELL} /home/lufla/workspace/BRAMS-6.0/build/missing aclocal-1.14'
AER='SIMPLE'
AMDEPBACKSLASH='\'
AMDEP_FALSE='#'
AMDEP_TRUE=''
AMTAR='$${TAR-tar}'
AM_BACKSLASH='\'
AM_DEFAULT_V='$(AM_DEFAULT_VERBOSITY)'
AM_DEFAULT_VERBOSITY='1'
AM_V='$(V)'
AUTOCONF='${SHELL} /home/lufla/workspace/BRAMS-6.0/build/missing autoconf'
AUTOHEADER='${SHELL} /home/lufla/workspace/BRAMS-6.0/build/missing autoheader'
AUTOMAKE='${SHELL} /home/lufla/workspace/BRAMS-6.0/build/missing automake-1.14'
AWK='mawk'
CC='gcc'
CCDEPMODE='depmode=none'
CCOMP='/opt/nvidia/bin/pgcc'
CFLAGS='-g -O2'
CHEM='RELACS_TUV'
CMACH='PC_LINUX1'
CPCOMP='/opt/nvidia/bin/mpicc'
CPP='gcc -E'
CPPFLAGS=''
CYGPATH_W='echo'
DEFS='-DPACKAGE_NAME=\"../src/ramsmain.f90\" -DPACKAGE_TARNAME=\"---src-ramsmain-f90\" -DPACKAGE_VERSION=\"5.0.1\" -DPACKAGE_STRING=\"../src/ramsmain.f90\ 5.0.1\" -DPACKAGE_BUGREPORT=\"\" -DPACKAGE_URL=\"\" -DPACKAGE=\"brams\" -DVERSION=\"5.0.1\" -DSTDC_HEADERS=1 -DHAVE_SYS_TYPES_H=1 -DHAVE_SYS_STAT_H=1 -DHAVE_STDLIB_H=1 -DHAVE_STRING_H=1 -DHAVE_MEMORY_H=1 -DHAVE_STRINGS_H=1 -DHAVE_INTTYPES_H=1 -DHAVE_STDINT_H=1 -DHAVE_UNISTD_H=1'
DEPDIR='.deps'
ECHO_C=''
ECHO_N='-n'
ECHO_T=''
EGREP='/usr/bin/grep -E'
EXEEXT=''
FCOMP='/opt/nvidia/bin/pgf90'
FPCOMP='/opt/nvidia/bin/mpif90'
GREP='/usr/bin/grep'
HAVE_ZLIB='no'
HDF5DIR=''
HDF5LIB=''
INSTALL_DATA='${INSTALL} -m 644'
INSTALL_PROGRAM='${INSTALL}'
INSTALL_SCRIPT='${INSTALL}'
INSTALL_STRIP_PROGRAM='$(install_sh) -c -s'
LDFLAGS=''
LIBOBJS=''
LIBS=''
LTLIBOBJS=''
MAKEINFO='${SHELL} /home/lufla/workspace/BRAMS-6.0/build/missing makeinfo'
MATRIXLEV='1'
MKDIR_P='/usr/bin/mkdir -p'
NETCDFCDIR='/opt/nvidia/'
NETCDFFDIR='/opt/nvidia/'
OBJEXT='o'
PACKAGE='brams'
PACKAGE_BUGREPORT=''
PACKAGE_NAME='../src/ramsmain.f90'
PACKAGE_STRING='../src/ramsmain.f90 5.0.1'
PACKAGE_TARNAME='---src-ramsmain-f90'
PACKAGE_URL=''
PACKAGE_VERSION='5.0.1'
PAR_DEFS='-DRAMS_MPI'
PATH_SEPARATOR=':'
SET_MAKE=''
SHELL='/bin/bash'
STRIP=''
VERSION='5.0.1'
WGRIBDIR='/opt/nvidia/'
ZLIB=''
ac_ct_CC='gcc'
am__EXEEXT_FALSE=''
am__EXEEXT_TRUE='#'
am__fastdepCC_FALSE=''
am__fastdepCC_TRUE='#'
am__include='include'
am__isrc=''
am__leading_dot='.'
am__nodep='_no'
am__quote=''
am__tar='$${TAR-tar} chof - "$$tardir"'
am__untar='$${TAR-tar} xf -'
bindir='${exec_prefix}/bin'
build_alias=''
datadir='${datarootdir}'
datarootdir='${prefix}/share'
docdir='${datarootdir}/doc/${PACKAGE_TARNAME}'
dvidir='${docdir}'
exec_prefix='${prefix}'
host_alias=''
htmldir='${docdir}'
includedir='${prefix}/include'
infodir='${datarootdir}/info'
install_sh='${SHELL} /home/lufla/workspace/BRAMS-6.0/build/install-sh'
jules='true'
libdir='${exec_prefix}/lib'
libexecdir='${exec_prefix}/libexec'
localedir='${datarootdir}/locale'
localstatedir='${prefix}/var'
mandir='${datarootdir}/man'
mkdir_p='$(MKDIR_P)'
oldincludedir='/usr/include'
pdfdir='${docdir}'
prefix='/home/lufla'
program_transform_name='s&^&BRAMS_6.0&'
psdir='${docdir}'
sbindir='${exec_prefix}/sbin'
sharedstatedir='${prefix}/com'
sysconfdir='${prefix}/etc'
target_alias=''

## ----------- ##
## confdefs.h. ##
## ----------- ##

/* confdefs.h */
#define PACKAGE_NAME "../src/ramsmain.f90"
#define PACKAGE_TARNAME "---src-ramsmain-f90"
#define PACKAGE_VERSION "5.0.1"
#define PACKAGE_STRING "../src/ramsmain.f90 5.0.1"
#define PACKAGE_BUGREPORT ""
#define PACKAGE_URL ""
#define PACKAGE "brams"
#define VERSION "5.0.1"
#define STDC_HEADERS 1
#define HAVE_SYS_TYPES_H 1
#define HAVE_SYS_STAT_H 1
#define HAVE_STDLIB_H 1
#define HAVE_STRING_H 1
#define HAVE_MEMORY_H 1
#define HAVE_STRINGS_H 1
#define HAVE_INTTYPES_H 1
#define HAVE_STDINT_H 1
#define HAVE_UNISTD_H 1

configure: exit 1
